Determining if the pthread_create exist failed with the following output:
Change Dir: /home/cs/Desktop/cs_work/sita/cmake-build-debug/CMakeFiles/CMakeTmp

Run Build Command:"/usr/bin/make" "cmTC_09fc5/fast"
/usr/bin/make -f CMakeFiles/cmTC_09fc5.dir/build.make CMakeFiles/cmTC_09fc5.dir/build
make[1]: Entering directory '/home/cs/Desktop/cs_work/sita/cmake-build-debug/CMakeFiles/CMakeTmp'
Building C object CMakeFiles/cmTC_09fc5.dir/CheckSymbolExists.c.o
/usr/bin/cc   -fPIC    -o CMakeFiles/cmTC_09fc5.dir/CheckSymbolExists.c.o   -c /home/cs/Desktop/cs_work/sita/cmake-build-debug/CMakeFiles/CMakeTmp/CheckSymbolExists.c
Linking C executable cmTC_09fc5
/home/cs/clion-2018.1.3/bin/cmake/bin/cmake -E cmake_link_script CMakeFiles/cmTC_09fc5.dir/link.txt --verbose=1
/usr/bin/cc -fPIC     CMakeFiles/cmTC_09fc5.dir/CheckSymbolExists.c.o  -o cmTC_09fc5 
CMakeFiles/cmTC_09fc5.dir/CheckSymbolExists.c.o: In function `main':
CheckSymbolExists.c:(.text+0x1b): undefined reference to `pthread_create'
collect2: error: ld returned 1 exit status
CMakeFiles/cmTC_09fc5.dir/build.make:97: recipe for target 'cmTC_09fc5' failed
make[1]: *** [cmTC_09fc5] Error 1
make[1]: Leaving directory '/home/cs/Desktop/cs_work/sita/cmake-build-debug/CMakeFiles/CMakeTmp'
Makefile:126: recipe for target 'cmTC_09fc5/fast' failed
make: *** [cmTC_09fc5/fast] Error 2

File /home/cs/Desktop/cs_work/sita/cmake-build-debug/CMakeFiles/CMakeTmp/CheckSymbolExists.c:
/* */
#include <pthread.h>

int main(int argc, char** argv)
{
  (void)argv;
#ifndef pthread_create
  return ((int*)(&pthread_create))[argc];
#else
  (void)argc;
  return 0;
#endif
}

Determining if the function pthread_create exists in the pthreads failed with the following output:
Change Dir: /home/cs/Desktop/cs_work/sita/cmake-build-debug/CMakeFiles/CMakeTmp

Run Build Command:"/usr/bin/make" "cmTC_3dbf2/fast"
/usr/bin/make -f CMakeFiles/cmTC_3dbf2.dir/build.make CMakeFiles/cmTC_3dbf2.dir/build
make[1]: Entering directory '/home/cs/Desktop/cs_work/sita/cmake-build-debug/CMakeFiles/CMakeTmp'
Building C object CMakeFiles/cmTC_3dbf2.dir/CheckFunctionExists.c.o
/usr/bin/cc   -fPIC -DCHECK_FUNCTION_EXISTS=pthread_create   -o CMakeFiles/cmTC_3dbf2.dir/CheckFunctionExists.c.o   -c /home/cs/clion-2018.1.3/bin/cmake/share/cmake-3.10/Modules/CheckFunctionExists.c
Linking C executable cmTC_3dbf2
/home/cs/clion-2018.1.3/bin/cmake/bin/cmake -E cmake_link_script CMakeFiles/cmTC_3dbf2.dir/link.txt --verbose=1
/usr/bin/cc -fPIC -DCHECK_FUNCTION_EXISTS=pthread_create    CMakeFiles/cmTC_3dbf2.dir/CheckFunctionExists.c.o  -o cmTC_3dbf2 -lpthreads 
/usr/bin/ld: cannot find -lpthreads
collect2: error: ld returned 1 exit status
CMakeFiles/cmTC_3dbf2.dir/build.make:97: recipe for target 'cmTC_3dbf2' failed
make[1]: *** [cmTC_3dbf2] Error 1
make[1]: Leaving directory '/home/cs/Desktop/cs_work/sita/cmake-build-debug/CMakeFiles/CMakeTmp'
Makefile:126: recipe for target 'cmTC_3dbf2/fast' failed
make: *** [cmTC_3dbf2/fast] Error 2


