Determining if the pthread_create exist failed with the following output:
Change Dir: /home/cs/Desktop/cs_work/unsky/sita/build/CMakeFiles/CMakeTmp

Run Build Command:"/usr/bin/make" "cmTC_3f1ee/fast"
/usr/bin/make -f CMakeFiles/cmTC_3f1ee.dir/build.make CMakeFiles/cmTC_3f1ee.dir/build
make[1]: Entering directory '/home/cs/Desktop/cs_work/unsky/sita/build/CMakeFiles/CMakeTmp'
Building C object CMakeFiles/cmTC_3f1ee.dir/CheckSymbolExists.c.o
/usr/bin/cc    -fPIC    -o CMakeFiles/cmTC_3f1ee.dir/CheckSymbolExists.c.o   -c /home/cs/Desktop/cs_work/unsky/sita/build/CMakeFiles/CMakeTmp/CheckSymbolExists.c
Linking C executable cmTC_3f1ee
/usr/bin/cmake -E cmake_link_script CMakeFiles/cmTC_3f1ee.dir/link.txt --verbose=1
/usr/bin/cc  -fPIC     CMakeFiles/cmTC_3f1ee.dir/CheckSymbolExists.c.o  -o cmTC_3f1ee 
CMakeFiles/cmTC_3f1ee.dir/CheckSymbolExists.c.o: In function `main':
CheckSymbolExists.c:(.text+0x1b): undefined reference to `pthread_create'
collect2: error: ld returned 1 exit status
CMakeFiles/cmTC_3f1ee.dir/build.make:97: recipe for target 'cmTC_3f1ee' failed
make[1]: *** [cmTC_3f1ee] Error 1
make[1]: Leaving directory '/home/cs/Desktop/cs_work/unsky/sita/build/CMakeFiles/CMakeTmp'
Makefile:126: recipe for target 'cmTC_3f1ee/fast' failed
make: *** [cmTC_3f1ee/fast] Error 2

File /home/cs/Desktop/cs_work/unsky/sita/build/CMakeFiles/CMakeTmp/CheckSymbolExists.c:
/* */
#include <pthread.h>

int main(int argc, char** argv)
{
  (void)argv;
#ifndef pthread_create
  return ((int*)(&pthread_create))[argc];
#else
  (void)argc;
  return 0;
#endif
}

Determining if the function pthread_create exists in the pthreads failed with the following output:
Change Dir: /home/cs/Desktop/cs_work/unsky/sita/build/CMakeFiles/CMakeTmp

Run Build Command:"/usr/bin/make" "cmTC_d4def/fast"
/usr/bin/make -f CMakeFiles/cmTC_d4def.dir/build.make CMakeFiles/cmTC_d4def.dir/build
make[1]: Entering directory '/home/cs/Desktop/cs_work/unsky/sita/build/CMakeFiles/CMakeTmp'
Building C object CMakeFiles/cmTC_d4def.dir/CheckFunctionExists.c.o
/usr/bin/cc    -fPIC -DCHECK_FUNCTION_EXISTS=pthread_create   -o CMakeFiles/cmTC_d4def.dir/CheckFunctionExists.c.o   -c /usr/share/cmake-3.5/Modules/CheckFunctionExists.c
Linking C executable cmTC_d4def
/usr/bin/cmake -E cmake_link_script CMakeFiles/cmTC_d4def.dir/link.txt --verbose=1
/usr/bin/cc  -fPIC -DCHECK_FUNCTION_EXISTS=pthread_create    CMakeFiles/cmTC_d4def.dir/CheckFunctionExists.c.o  -o cmTC_d4def -lpthreads 
/usr/bin/ld: cannot find -lpthreads
collect2: error: ld returned 1 exit status
CMakeFiles/cmTC_d4def.dir/build.make:97: recipe for target 'cmTC_d4def' failed
make[1]: *** [cmTC_d4def] Error 1
make[1]: Leaving directory '/home/cs/Desktop/cs_work/unsky/sita/build/CMakeFiles/CMakeTmp'
Makefile:126: recipe for target 'cmTC_d4def/fast' failed
make: *** [cmTC_d4def/fast] Error 2


